{"C:\\Users\\AmEl\\IdeaProjects\\givegift\\givegift-backend\\controllers\\favouritesController.mjs": {"path":"C:\\Users\\AmEl\\IdeaProjects\\givegift\\givegift-backend\\controllers\\favouritesController.mjs","all":false,"statementMap":{"0":{"start":{"line":1,"column":0},"end":{"line":1,"column":59}},"1":{"start":{"line":2,"column":0},"end":{"line":2,"column":44}},"2":{"start":{"line":3,"column":0},"end":{"line":3,"column":0}},"3":{"start":{"line":4,"column":0},"end":{"line":4,"column":28}},"4":{"start":{"line":5,"column":0},"end":{"line":5,"column":40}},"5":{"start":{"line":6,"column":0},"end":{"line":6,"column":70}},"6":{"start":{"line":7,"column":0},"end":{"line":7,"column":61}},"7":{"start":{"line":8,"column":0},"end":{"line":8,"column":146}},"8":{"start":{"line":9,"column":0},"end":{"line":9,"column":9}},"9":{"start":{"line":10,"column":0},"end":{"line":10,"column":0}},"10":{"start":{"line":11,"column":0},"end":{"line":11,"column":13}},"11":{"start":{"line":12,"column":0},"end":{"line":12,"column":49}},"12":{"start":{"line":13,"column":0},"end":{"line":13,"column":59}},"13":{"start":{"line":14,"column":0},"end":{"line":14,"column":39}},"14":{"start":{"line":15,"column":0},"end":{"line":15,"column":45}},"15":{"start":{"line":16,"column":0},"end":{"line":16,"column":14}},"16":{"start":{"line":17,"column":0},"end":{"line":17,"column":0}},"17":{"start":{"line":18,"column":0},"end":{"line":18,"column":33}},"18":{"start":{"line":19,"column":0},"end":{"line":19,"column":66}},"19":{"start":{"line":20,"column":0},"end":{"line":20,"column":24}},"20":{"start":{"line":21,"column":0},"end":{"line":21,"column":36}},"21":{"start":{"line":22,"column":0},"end":{"line":22,"column":42}},"22":{"start":{"line":23,"column":0},"end":{"line":23,"column":18}},"23":{"start":{"line":24,"column":0},"end":{"line":24,"column":33}},"24":{"start":{"line":25,"column":0},"end":{"line":25,"column":14}},"25":{"start":{"line":26,"column":0},"end":{"line":26,"column":0}},"26":{"start":{"line":27,"column":0},"end":{"line":27,"column":27}},"27":{"start":{"line":28,"column":0},"end":{"line":28,"column":94}},"28":{"start":{"line":29,"column":0},"end":{"line":29,"column":13}},"29":{"start":{"line":30,"column":0},"end":{"line":30,"column":0}},"30":{"start":{"line":31,"column":0},"end":{"line":31,"column":44}},"31":{"start":{"line":32,"column":0},"end":{"line":32,"column":23}},"32":{"start":{"line":33,"column":0},"end":{"line":33,"column":73}},"33":{"start":{"line":34,"column":0},"end":{"line":34,"column":9}},"34":{"start":{"line":35,"column":0},"end":{"line":35,"column":5}},"35":{"start":{"line":36,"column":0},"end":{"line":36,"column":0}},"36":{"start":{"line":37,"column":0},"end":{"line":37,"column":43}},"37":{"start":{"line":38,"column":0},"end":{"line":38,"column":49}},"38":{"start":{"line":39,"column":0},"end":{"line":39,"column":0}},"39":{"start":{"line":40,"column":0},"end":{"line":40,"column":38}},"40":{"start":{"line":41,"column":0},"end":{"line":41,"column":94}},"41":{"start":{"line":42,"column":0},"end":{"line":42,"column":9}},"42":{"start":{"line":43,"column":0},"end":{"line":43,"column":0}},"43":{"start":{"line":44,"column":0},"end":{"line":44,"column":13}},"44":{"start":{"line":45,"column":0},"end":{"line":45,"column":78}},"45":{"start":{"line":46,"column":0},"end":{"line":46,"column":27}},"46":{"start":{"line":47,"column":0},"end":{"line":47,"column":69}},"47":{"start":{"line":48,"column":0},"end":{"line":48,"column":13}},"48":{"start":{"line":49,"column":0},"end":{"line":49,"column":0}},"49":{"start":{"line":50,"column":0},"end":{"line":50,"column":59}},"50":{"start":{"line":51,"column":0},"end":{"line":51,"column":24}},"51":{"start":{"line":52,"column":0},"end":{"line":52,"column":36}},"52":{"start":{"line":53,"column":0},"end":{"line":53,"column":42}},"53":{"start":{"line":54,"column":0},"end":{"line":54,"column":17}},"54":{"start":{"line":55,"column":0},"end":{"line":55,"column":14}},"55":{"start":{"line":56,"column":0},"end":{"line":56,"column":0}},"56":{"start":{"line":57,"column":0},"end":{"line":57,"column":32}},"57":{"start":{"line":58,"column":0},"end":{"line":58,"column":77}},"58":{"start":{"line":59,"column":0},"end":{"line":59,"column":13}},"59":{"start":{"line":60,"column":0},"end":{"line":60,"column":0}},"60":{"start":{"line":61,"column":0},"end":{"line":61,"column":67}},"61":{"start":{"line":62,"column":0},"end":{"line":62,"column":23}},"62":{"start":{"line":63,"column":0},"end":{"line":63,"column":78}},"63":{"start":{"line":64,"column":0},"end":{"line":64,"column":9}},"64":{"start":{"line":65,"column":0},"end":{"line":65,"column":5}},"65":{"start":{"line":66,"column":0},"end":{"line":66,"column":0}},"66":{"start":{"line":67,"column":0},"end":{"line":67,"column":44}},"67":{"start":{"line":68,"column":0},"end":{"line":68,"column":49}},"68":{"start":{"line":69,"column":0},"end":{"line":69,"column":32}},"69":{"start":{"line":70,"column":0},"end":{"line":70,"column":0}},"70":{"start":{"line":71,"column":0},"end":{"line":71,"column":46}},"71":{"start":{"line":72,"column":0},"end":{"line":72,"column":134}},"72":{"start":{"line":73,"column":0},"end":{"line":73,"column":9}},"73":{"start":{"line":74,"column":0},"end":{"line":74,"column":0}},"74":{"start":{"line":75,"column":0},"end":{"line":75,"column":13}},"75":{"start":{"line":76,"column":0},"end":{"line":76,"column":91}},"76":{"start":{"line":77,"column":0},"end":{"line":77,"column":27}},"77":{"start":{"line":78,"column":0},"end":{"line":78,"column":69}},"78":{"start":{"line":79,"column":0},"end":{"line":79,"column":13}},"79":{"start":{"line":80,"column":0},"end":{"line":80,"column":0}},"80":{"start":{"line":81,"column":0},"end":{"line":81,"column":58}},"81":{"start":{"line":82,"column":0},"end":{"line":82,"column":29}},"82":{"start":{"line":83,"column":0},"end":{"line":83,"column":17}},"83":{"start":{"line":84,"column":0},"end":{"line":84,"column":28}},"84":{"start":{"line":85,"column":0},"end":{"line":85,"column":40}},"85":{"start":{"line":86,"column":0},"end":{"line":86,"column":46}},"86":{"start":{"line":87,"column":0},"end":{"line":87,"column":21}},"87":{"start":{"line":88,"column":0},"end":{"line":88,"column":17}},"88":{"start":{"line":89,"column":0},"end":{"line":89,"column":13}},"89":{"start":{"line":90,"column":0},"end":{"line":90,"column":0}},"90":{"start":{"line":91,"column":0},"end":{"line":91,"column":31}},"91":{"start":{"line":92,"column":0},"end":{"line":92,"column":77}},"92":{"start":{"line":93,"column":0},"end":{"line":93,"column":13}},"93":{"start":{"line":94,"column":0},"end":{"line":94,"column":0}},"94":{"start":{"line":95,"column":0},"end":{"line":95,"column":55}},"95":{"start":{"line":96,"column":0},"end":{"line":96,"column":23}},"96":{"start":{"line":97,"column":0},"end":{"line":97,"column":76}},"97":{"start":{"line":98,"column":0},"end":{"line":98,"column":9}},"98":{"start":{"line":99,"column":0},"end":{"line":99,"column":5}},"99":{"start":{"line":100,"column":0},"end":{"line":100,"column":0}},"100":{"start":{"line":101,"column":0},"end":{"line":101,"column":47}},"101":{"start":{"line":102,"column":0},"end":{"line":102,"column":39}},"102":{"start":{"line":103,"column":0},"end":{"line":103,"column":22}},"103":{"start":{"line":104,"column":0},"end":{"line":104,"column":78}},"104":{"start":{"line":105,"column":0},"end":{"line":105,"column":9}},"105":{"start":{"line":106,"column":0},"end":{"line":106,"column":0}},"106":{"start":{"line":107,"column":0},"end":{"line":107,"column":13}},"107":{"start":{"line":108,"column":0},"end":{"line":108,"column":51}},"108":{"start":{"line":109,"column":0},"end":{"line":109,"column":43}},"109":{"start":{"line":110,"column":0},"end":{"line":110,"column":27}},"110":{"start":{"line":111,"column":0},"end":{"line":111,"column":36}},"111":{"start":{"line":112,"column":0},"end":{"line":112,"column":68}},"112":{"start":{"line":113,"column":0},"end":{"line":113,"column":18}},"113":{"start":{"line":114,"column":0},"end":{"line":114,"column":14}},"114":{"start":{"line":115,"column":0},"end":{"line":115,"column":0}},"115":{"start":{"line":116,"column":0},"end":{"line":116,"column":43}},"116":{"start":{"line":117,"column":0},"end":{"line":117,"column":34}},"117":{"start":{"line":118,"column":0},"end":{"line":118,"column":27}},"118":{"start":{"line":119,"column":0},"end":{"line":119,"column":51}},"119":{"start":{"line":120,"column":0},"end":{"line":120,"column":39}},"120":{"start":{"line":121,"column":0},"end":{"line":121,"column":44}},"121":{"start":{"line":122,"column":0},"end":{"line":122,"column":15}},"122":{"start":{"line":123,"column":0},"end":{"line":123,"column":0}},"123":{"start":{"line":124,"column":0},"end":{"line":124,"column":35}},"124":{"start":{"line":125,"column":0},"end":{"line":125,"column":23}},"125":{"start":{"line":126,"column":0},"end":{"line":126,"column":72}},"126":{"start":{"line":127,"column":0},"end":{"line":127,"column":9}},"127":{"start":{"line":128,"column":0},"end":{"line":128,"column":5}},"128":{"start":{"line":129,"column":0},"end":{"line":129,"column":1}},"129":{"start":{"line":130,"column":0},"end":{"line":130,"column":0}},"130":{"start":{"line":131,"column":0},"end":{"line":131,"column":41}}},"s":{"0":1,"1":1,"2":1,"3":1,"4":1,"5":4,"6":4,"7":1,"8":1,"9":3,"10":3,"11":3,"12":3,"13":3,"14":3,"15":3,"16":2,"17":2,"18":2,"19":2,"20":2,"21":2,"22":2,"23":2,"24":2,"25":2,"26":4,"27":1,"28":1,"29":1,"30":1,"31":1,"32":1,"33":1,"34":4,"35":1,"36":1,"37":5,"38":5,"39":5,"40":1,"41":1,"42":4,"43":4,"44":4,"45":5,"46":1,"47":1,"48":2,"49":2,"50":2,"51":2,"52":2,"53":2,"54":2,"55":2,"56":5,"57":1,"58":1,"59":1,"60":1,"61":1,"62":1,"63":1,"64":5,"65":1,"66":1,"67":5,"68":5,"69":5,"70":5,"71":1,"72":1,"73":4,"74":4,"75":4,"76":5,"77":1,"78":1,"79":3,"80":3,"81":3,"82":3,"83":3,"84":3,"85":3,"86":3,"87":3,"88":3,"89":2,"90":5,"91":1,"92":1,"93":1,"94":1,"95":1,"96":1,"97":1,"98":5,"99":1,"100":1,"101":3,"102":3,"103":1,"104":1,"105":2,"106":2,"107":2,"108":2,"109":2,"110":2,"111":2,"112":2,"113":2,"114":1,"115":1,"116":2,"117":2,"118":2,"119":2,"120":2,"121":1,"122":1,"123":1,"124":1,"125":1,"126":1,"127":3,"128":1,"129":1,"130":1},"branchMap":{"0":{"type":"branch","line":5,"loc":{"start":{"line":5,"column":4},"end":{"line":35,"column":5}},"locations":[{"start":{"line":5,"column":4},"end":{"line":35,"column":5}}]},"1":{"type":"branch","line":7,"loc":{"start":{"line":7,"column":35},"end":{"line":7,"column":45}},"locations":[{"start":{"line":7,"column":35},"end":{"line":7,"column":45}}]},"2":{"type":"branch","line":7,"loc":{"start":{"line":7,"column":45},"end":{"line":7,"column":58}},"locations":[{"start":{"line":7,"column":45},"end":{"line":7,"column":58}}]},"3":{"type":"branch","line":7,"loc":{"start":{"line":7,"column":60},"end":{"line":9,"column":9}},"locations":[{"start":{"line":7,"column":60},"end":{"line":9,"column":9}}]},"4":{"type":"branch","line":9,"loc":{"start":{"line":9,"column":8},"end":{"line":16,"column":14}},"locations":[{"start":{"line":9,"column":8},"end":{"line":16,"column":14}}]},"5":{"type":"branch","line":17,"loc":{"start":{"line":17,"column":-2},"end":{"line":27,"column":26}},"locations":[{"start":{"line":17,"column":-2},"end":{"line":27,"column":26}}]},"6":{"type":"branch","line":27,"loc":{"start":{"line":27,"column":26},"end":{"line":34,"column":9}},"locations":[{"start":{"line":27,"column":26},"end":{"line":34,"column":9}}]},"7":{"type":"branch","line":37,"loc":{"start":{"line":37,"column":4},"end":{"line":65,"column":5}},"locations":[{"start":{"line":37,"column":4},"end":{"line":65,"column":5}}]},"8":{"type":"branch","line":40,"loc":{"start":{"line":40,"column":37},"end":{"line":42,"column":9}},"locations":[{"start":{"line":40,"column":37},"end":{"line":42,"column":9}}]},"9":{"type":"branch","line":42,"loc":{"start":{"line":42,"column":8},"end":{"line":45,"column":78}},"locations":[{"start":{"line":42,"column":8},"end":{"line":45,"column":78}}]},"10":{"type":"branch","line":46,"loc":{"start":{"line":46,"column":-2},"end":{"line":46,"column":26}},"locations":[{"start":{"line":46,"column":-2},"end":{"line":46,"column":26}}]},"11":{"type":"branch","line":46,"loc":{"start":{"line":46,"column":26},"end":{"line":48,"column":13}},"locations":[{"start":{"line":46,"column":26},"end":{"line":48,"column":13}}]},"12":{"type":"branch","line":48,"loc":{"start":{"line":48,"column":12},"end":{"line":57,"column":31}},"locations":[{"start":{"line":48,"column":12},"end":{"line":57,"column":31}}]},"13":{"type":"branch","line":57,"loc":{"start":{"line":57,"column":31},"end":{"line":64,"column":9}},"locations":[{"start":{"line":57,"column":31},"end":{"line":64,"column":9}}]},"14":{"type":"branch","line":67,"loc":{"start":{"line":67,"column":4},"end":{"line":99,"column":5}},"locations":[{"start":{"line":67,"column":4},"end":{"line":99,"column":5}}]},"15":{"type":"branch","line":71,"loc":{"start":{"line":71,"column":45},"end":{"line":73,"column":9}},"locations":[{"start":{"line":71,"column":45},"end":{"line":73,"column":9}}]},"16":{"type":"branch","line":73,"loc":{"start":{"line":73,"column":8},"end":{"line":77,"column":26}},"locations":[{"start":{"line":73,"column":8},"end":{"line":77,"column":26}}]},"17":{"type":"branch","line":77,"loc":{"start":{"line":77,"column":26},"end":{"line":79,"column":13}},"locations":[{"start":{"line":77,"column":26},"end":{"line":79,"column":13}}]},"18":{"type":"branch","line":79,"loc":{"start":{"line":79,"column":12},"end":{"line":89,"column":13}},"locations":[{"start":{"line":79,"column":12},"end":{"line":89,"column":13}}]},"19":{"type":"branch","line":90,"loc":{"start":{"line":90,"column":-2},"end":{"line":91,"column":30}},"locations":[{"start":{"line":90,"column":-2},"end":{"line":91,"column":30}}]},"20":{"type":"branch","line":91,"loc":{"start":{"line":91,"column":30},"end":{"line":98,"column":9}},"locations":[{"start":{"line":91,"column":30},"end":{"line":98,"column":9}}]},"21":{"type":"branch","line":101,"loc":{"start":{"line":101,"column":4},"end":{"line":128,"column":5}},"locations":[{"start":{"line":101,"column":4},"end":{"line":128,"column":5}}]},"22":{"type":"branch","line":103,"loc":{"start":{"line":103,"column":21},"end":{"line":105,"column":9}},"locations":[{"start":{"line":103,"column":21},"end":{"line":105,"column":9}}]},"23":{"type":"branch","line":105,"loc":{"start":{"line":105,"column":8},"end":{"line":114,"column":14}},"locations":[{"start":{"line":105,"column":8},"end":{"line":114,"column":14}}]},"24":{"type":"branch","line":115,"loc":{"start":{"line":115,"column":-2},"end":{"line":127,"column":9}},"locations":[{"start":{"line":115,"column":-2},"end":{"line":127,"column":9}}]},"25":{"type":"branch","line":116,"loc":{"start":{"line":116,"column":36},"end":{"line":122,"column":14}},"locations":[{"start":{"line":116,"column":36},"end":{"line":122,"column":14}}]}},"b":{"0":[4],"1":[3],"2":[3],"3":[1],"4":[3],"5":[2],"6":[1],"7":[5],"8":[1],"9":[4],"10":[3],"11":[1],"12":[2],"13":[1],"14":[5],"15":[1],"16":[4],"17":[1],"18":[3],"19":[2],"20":[1],"21":[3],"22":[1],"23":[2],"24":[1],"25":[2]},"fnMap":{"0":{"name":"addFavourite","decl":{"start":{"line":5,"column":4},"end":{"line":35,"column":5}},"loc":{"start":{"line":5,"column":4},"end":{"line":35,"column":5}},"line":5},"1":{"name":"removeFavourite","decl":{"start":{"line":37,"column":4},"end":{"line":65,"column":5}},"loc":{"start":{"line":37,"column":4},"end":{"line":65,"column":5}},"line":37},"2":{"name":"editFavouriteTag","decl":{"start":{"line":67,"column":4},"end":{"line":99,"column":5}},"loc":{"start":{"line":67,"column":4},"end":{"line":99,"column":5}},"line":67},"3":{"name":"fetchUserFavourites","decl":{"start":{"line":101,"column":4},"end":{"line":128,"column":5}},"loc":{"start":{"line":101,"column":4},"end":{"line":128,"column":5}},"line":101}},"f":{"0":4,"1":5,"2":5,"3":3}}
,"C:\\Users\\AmEl\\IdeaProjects\\givegift\\givegift-backend\\controllers\\ideasController.mjs": {"path":"C:\\Users\\AmEl\\IdeaProjects\\givegift\\givegift-backend\\controllers\\ideasController.mjs","all":false,"statementMap":{"0":{"start":{"line":1,"column":0},"end":{"line":1,"column":80}},"1":{"start":{"line":2,"column":0},"end":{"line":2,"column":63}},"2":{"start":{"line":3,"column":0},"end":{"line":3,"column":56}},"3":{"start":{"line":4,"column":0},"end":{"line":4,"column":45}},"4":{"start":{"line":5,"column":0},"end":{"line":5,"column":0}},"5":{"start":{"line":6,"column":0},"end":{"line":6,"column":23}},"6":{"start":{"line":7,"column":0},"end":{"line":7,"column":41}},"7":{"start":{"line":8,"column":0},"end":{"line":8,"column":83}},"8":{"start":{"line":9,"column":0},"end":{"line":9,"column":0}},"9":{"start":{"line":10,"column":0},"end":{"line":10,"column":25}},"10":{"start":{"line":11,"column":0},"end":{"line":11,"column":68}},"11":{"start":{"line":12,"column":0},"end":{"line":12,"column":69}},"12":{"start":{"line":13,"column":0},"end":{"line":13,"column":11}},"13":{"start":{"line":14,"column":0},"end":{"line":14,"column":44}},"14":{"start":{"line":15,"column":0},"end":{"line":15,"column":112}},"15":{"start":{"line":16,"column":0},"end":{"line":16,"column":15}},"16":{"start":{"line":17,"column":0},"end":{"line":17,"column":9}},"17":{"start":{"line":18,"column":0},"end":{"line":18,"column":0}},"18":{"start":{"line":19,"column":0},"end":{"line":19,"column":13}},"19":{"start":{"line":20,"column":0},"end":{"line":20,"column":30}},"20":{"start":{"line":21,"column":0},"end":{"line":21,"column":78}},"21":{"start":{"line":22,"column":0},"end":{"line":22,"column":39}},"22":{"start":{"line":23,"column":0},"end":{"line":23,"column":45}},"23":{"start":{"line":24,"column":0},"end":{"line":24,"column":14}},"24":{"start":{"line":25,"column":0},"end":{"line":25,"column":0}},"25":{"start":{"line":26,"column":0},"end":{"line":26,"column":47}},"26":{"start":{"line":27,"column":0},"end":{"line":27,"column":34}},"27":{"start":{"line":28,"column":0},"end":{"line":28,"column":57}},"28":{"start":{"line":29,"column":0},"end":{"line":29,"column":48}},"29":{"start":{"line":30,"column":0},"end":{"line":30,"column":100}},"30":{"start":{"line":31,"column":0},"end":{"line":31,"column":19}},"31":{"start":{"line":32,"column":0},"end":{"line":32,"column":13}},"32":{"start":{"line":33,"column":0},"end":{"line":33,"column":0}},"33":{"start":{"line":34,"column":0},"end":{"line":34,"column":71}},"34":{"start":{"line":35,"column":0},"end":{"line":35,"column":58}},"35":{"start":{"line":36,"column":0},"end":{"line":36,"column":72}},"36":{"start":{"line":37,"column":0},"end":{"line":37,"column":27}},"37":{"start":{"line":38,"column":0},"end":{"line":38,"column":80}},"38":{"start":{"line":39,"column":0},"end":{"line":39,"column":13}},"39":{"start":{"line":40,"column":0},"end":{"line":40,"column":0}},"40":{"start":{"line":41,"column":0},"end":{"line":41,"column":78}},"41":{"start":{"line":42,"column":0},"end":{"line":42,"column":53}},"42":{"start":{"line":43,"column":0},"end":{"line":43,"column":0}},"43":{"start":{"line":44,"column":0},"end":{"line":44,"column":53}},"44":{"start":{"line":45,"column":0},"end":{"line":45,"column":75}},"45":{"start":{"line":46,"column":0},"end":{"line":46,"column":14}},"46":{"start":{"line":47,"column":0},"end":{"line":47,"column":60}},"47":{"start":{"line":48,"column":0},"end":{"line":48,"column":0}},"48":{"start":{"line":49,"column":0},"end":{"line":49,"column":34}},"49":{"start":{"line":50,"column":0},"end":{"line":50,"column":23}},"50":{"start":{"line":51,"column":0},"end":{"line":51,"column":76}},"51":{"start":{"line":52,"column":0},"end":{"line":52,"column":9}},"52":{"start":{"line":53,"column":0},"end":{"line":53,"column":5}},"53":{"start":{"line":54,"column":0},"end":{"line":54,"column":1}},"54":{"start":{"line":55,"column":0},"end":{"line":55,"column":0}},"55":{"start":{"line":56,"column":0},"end":{"line":56,"column":37}}},"s":{"0":1,"1":1,"2":1,"3":1,"4":1,"5":1,"6":1,"7":5,"8":5,"9":5,"10":5,"11":5,"12":5,"13":1,"14":1,"15":1,"16":1,"17":4,"18":4,"19":4,"20":4,"21":4,"22":4,"23":4,"24":4,"25":4,"26":5,"27":1,"28":1,"29":1,"30":1,"31":1,"32":3,"33":3,"34":3,"35":5,"36":5,"37":1,"38":1,"39":2,"40":2,"41":2,"42":2,"43":2,"44":2,"45":2,"46":2,"47":1,"48":1,"49":1,"50":1,"51":1,"52":5,"53":1,"54":1,"55":1},"branchMap":{"0":{"type":"branch","line":7,"loc":{"start":{"line":7,"column":4},"end":{"line":53,"column":5}},"locations":[{"start":{"line":7,"column":4},"end":{"line":53,"column":5}}]},"1":{"type":"branch","line":11,"loc":{"start":{"line":11,"column":65},"end":{"line":12,"column":40}},"locations":[{"start":{"line":11,"column":65},"end":{"line":12,"column":40}}]},"2":{"type":"branch","line":12,"loc":{"start":{"line":12,"column":40},"end":{"line":12,"column":69}},"locations":[{"start":{"line":12,"column":40},"end":{"line":12,"column":69}}]},"3":{"type":"branch","line":13,"loc":{"start":{"line":13,"column":10},"end":{"line":17,"column":9}},"locations":[{"start":{"line":13,"column":10},"end":{"line":17,"column":9}}]},"4":{"type":"branch","line":17,"loc":{"start":{"line":17,"column":8},"end":{"line":27,"column":33}},"locations":[{"start":{"line":17,"column":8},"end":{"line":27,"column":33}}]},"5":{"type":"branch","line":27,"loc":{"start":{"line":27,"column":33},"end":{"line":32,"column":13}},"locations":[{"start":{"line":27,"column":33},"end":{"line":32,"column":13}}]},"6":{"type":"branch","line":32,"loc":{"start":{"line":32,"column":12},"end":{"line":36,"column":48}},"locations":[{"start":{"line":32,"column":12},"end":{"line":36,"column":48}}]},"7":{"type":"branch","line":36,"loc":{"start":{"line":36,"column":48},"end":{"line":36,"column":71}},"locations":[{"start":{"line":36,"column":48},"end":{"line":36,"column":71}}]},"8":{"type":"branch","line":37,"loc":{"start":{"line":37,"column":26},"end":{"line":39,"column":13}},"locations":[{"start":{"line":37,"column":26},"end":{"line":39,"column":13}}]},"9":{"type":"branch","line":39,"loc":{"start":{"line":39,"column":12},"end":{"line":47,"column":60}},"locations":[{"start":{"line":39,"column":12},"end":{"line":47,"column":60}}]},"10":{"type":"branch","line":47,"loc":{"start":{"line":47,"column":59},"end":{"line":52,"column":9}},"locations":[{"start":{"line":47,"column":59},"end":{"line":52,"column":9}}]},"11":{"type":"branch","line":44,"loc":{"start":{"line":44,"column":46},"end":{"line":45,"column":75}},"locations":[{"start":{"line":44,"column":46},"end":{"line":45,"column":75}}]}},"b":{"0":[5],"1":[4],"2":[4],"3":[1],"4":[4],"5":[1],"6":[3],"7":[2],"8":[1],"9":[2],"10":[1],"11":[2]},"fnMap":{"0":{"name":"generateIdeas","decl":{"start":{"line":7,"column":4},"end":{"line":53,"column":5}},"loc":{"start":{"line":7,"column":4},"end":{"line":53,"column":5}},"line":7}},"f":{"0":5}}
,"C:\\Users\\AmEl\\IdeaProjects\\givegift\\givegift-backend\\controllers\\interestsController.mjs": {"path":"C:\\Users\\AmEl\\IdeaProjects\\givegift\\givegift-backend\\controllers\\interestsController.mjs","all":false,"statementMap":{"0":{"start":{"line":1,"column":0},"end":{"line":1,"column":48}},"1":{"start":{"line":2,"column":0},"end":{"line":2,"column":44}},"2":{"start":{"line":3,"column":0},"end":{"line":3,"column":0}},"3":{"start":{"line":4,"column":0},"end":{"line":4,"column":26}},"4":{"start":{"line":5,"column":0},"end":{"line":5,"column":46}},"5":{"start":{"line":6,"column":0},"end":{"line":6,"column":13}},"6":{"start":{"line":7,"column":0},"end":{"line":7,"column":55}},"7":{"start":{"line":8,"column":0},"end":{"line":8,"column":37}},"8":{"start":{"line":9,"column":0},"end":{"line":9,"column":25}},"9":{"start":{"line":10,"column":0},"end":{"line":10,"column":14}},"10":{"start":{"line":11,"column":0},"end":{"line":11,"column":0}},"11":{"start":{"line":12,"column":0},"end":{"line":12,"column":52}},"12":{"start":{"line":13,"column":0},"end":{"line":13,"column":34}},"13":{"start":{"line":14,"column":0},"end":{"line":14,"column":23}},"14":{"start":{"line":15,"column":0},"end":{"line":15,"column":71}},"15":{"start":{"line":16,"column":0},"end":{"line":16,"column":9}},"16":{"start":{"line":17,"column":0},"end":{"line":17,"column":5}},"17":{"start":{"line":18,"column":0},"end":{"line":18,"column":1}},"18":{"start":{"line":19,"column":0},"end":{"line":19,"column":0}},"19":{"start":{"line":20,"column":0},"end":{"line":20,"column":39}}},"s":{"0":1,"1":1,"2":1,"3":1,"4":1,"5":2,"6":2,"7":2,"8":2,"9":2,"10":1,"11":1,"12":1,"13":1,"14":1,"15":1,"16":2,"17":1,"18":1,"19":1},"branchMap":{"0":{"type":"branch","line":5,"loc":{"start":{"line":5,"column":4},"end":{"line":17,"column":5}},"locations":[{"start":{"line":5,"column":4},"end":{"line":17,"column":5}}]},"1":{"type":"branch","line":11,"loc":{"start":{"line":11,"column":-2},"end":{"line":16,"column":9}},"locations":[{"start":{"line":11,"column":-2},"end":{"line":16,"column":9}}]},"2":{"type":"branch","line":12,"loc":{"start":{"line":12,"column":40},"end":{"line":12,"column":51}},"locations":[{"start":{"line":12,"column":40},"end":{"line":12,"column":51}}]}},"b":{"0":[2],"1":[1],"2":[3]},"fnMap":{"0":{"name":"get_all_interests","decl":{"start":{"line":5,"column":4},"end":{"line":17,"column":5}},"loc":{"start":{"line":5,"column":4},"end":{"line":17,"column":5}},"line":5}},"f":{"0":2}}
,"C:\\Users\\AmEl\\IdeaProjects\\givegift\\givegift-backend\\error\\ApiError.mjs": {"path":"C:\\Users\\AmEl\\IdeaProjects\\givegift\\givegift-backend\\error\\ApiError.mjs","all":false,"statementMap":{"0":{"start":{"line":1,"column":0},"end":{"line":1,"column":30}},"1":{"start":{"line":2,"column":0},"end":{"line":2,"column":34}},"2":{"start":{"line":3,"column":0},"end":{"line":3,"column":15}},"3":{"start":{"line":4,"column":0},"end":{"line":4,"column":28}},"4":{"start":{"line":5,"column":0},"end":{"line":5,"column":30}},"5":{"start":{"line":6,"column":0},"end":{"line":6,"column":5}},"6":{"start":{"line":7,"column":0},"end":{"line":7,"column":0}},"7":{"start":{"line":8,"column":0},"end":{"line":8,"column":32}},"8":{"start":{"line":9,"column":0},"end":{"line":9,"column":41}},"9":{"start":{"line":10,"column":0},"end":{"line":10,"column":5}},"10":{"start":{"line":11,"column":0},"end":{"line":11,"column":0}},"11":{"start":{"line":12,"column":0},"end":{"line":12,"column":30}},"12":{"start":{"line":13,"column":0},"end":{"line":13,"column":41}},"13":{"start":{"line":14,"column":0},"end":{"line":14,"column":5}},"14":{"start":{"line":15,"column":0},"end":{"line":15,"column":0}},"15":{"start":{"line":16,"column":0},"end":{"line":16,"column":32}},"16":{"start":{"line":17,"column":0},"end":{"line":17,"column":41}},"17":{"start":{"line":18,"column":0},"end":{"line":18,"column":5}},"18":{"start":{"line":19,"column":0},"end":{"line":19,"column":1}},"19":{"start":{"line":20,"column":0},"end":{"line":20,"column":0}},"20":{"start":{"line":21,"column":0},"end":{"line":21,"column":23}}},"s":{"0":1,"1":1,"2":18,"3":18,"4":18,"5":18,"6":1,"7":1,"8":10,"9":10,"10":1,"11":1,"12":7,"13":7,"14":1,"15":1,"16":1,"17":1,"18":1,"19":1,"20":1},"branchMap":{"0":{"type":"branch","line":2,"loc":{"start":{"line":2,"column":4},"end":{"line":6,"column":5}},"locations":[{"start":{"line":2,"column":4},"end":{"line":6,"column":5}}]},"1":{"type":"branch","line":8,"loc":{"start":{"line":8,"column":11},"end":{"line":10,"column":5}},"locations":[{"start":{"line":8,"column":11},"end":{"line":10,"column":5}}]},"2":{"type":"branch","line":12,"loc":{"start":{"line":12,"column":11},"end":{"line":14,"column":5}},"locations":[{"start":{"line":12,"column":11},"end":{"line":14,"column":5}}]},"3":{"type":"branch","line":16,"loc":{"start":{"line":16,"column":11},"end":{"line":18,"column":5}},"locations":[{"start":{"line":16,"column":11},"end":{"line":18,"column":5}}]}},"b":{"0":[18],"1":[10],"2":[7],"3":[1]},"fnMap":{"0":{"name":"ApiError","decl":{"start":{"line":2,"column":4},"end":{"line":6,"column":5}},"loc":{"start":{"line":2,"column":4},"end":{"line":6,"column":5}},"line":2},"1":{"name":"badRequest","decl":{"start":{"line":8,"column":11},"end":{"line":10,"column":5}},"loc":{"start":{"line":8,"column":11},"end":{"line":10,"column":5}},"line":8},"2":{"name":"internal","decl":{"start":{"line":12,"column":11},"end":{"line":14,"column":5}},"loc":{"start":{"line":12,"column":11},"end":{"line":14,"column":5}},"line":12},"3":{"name":"badGateway","decl":{"start":{"line":16,"column":11},"end":{"line":18,"column":5}},"loc":{"start":{"line":16,"column":11},"end":{"line":18,"column":5}},"line":16}},"f":{"0":18,"1":10,"2":7,"3":1}}
,"C:\\Users\\AmEl\\IdeaProjects\\givegift\\givegift-backend\\parser\\WBParser.mjs": {"path":"C:\\Users\\AmEl\\IdeaProjects\\givegift\\givegift-backend\\parser\\WBParser.mjs","all":false,"statementMap":{"0":{"start":{"line":1,"column":0},"end":{"line":1,"column":44}},"1":{"start":{"line":2,"column":0},"end":{"line":2,"column":36}},"2":{"start":{"line":3,"column":0},"end":{"line":3,"column":72}},"3":{"start":{"line":4,"column":0},"end":{"line":4,"column":1}},"4":{"start":{"line":5,"column":0},"end":{"line":5,"column":0}},"5":{"start":{"line":6,"column":0},"end":{"line":6,"column":69}},"6":{"start":{"line":7,"column":0},"end":{"line":7,"column":53}},"7":{"start":{"line":8,"column":0},"end":{"line":8,"column":51}},"8":{"start":{"line":9,"column":0},"end":{"line":9,"column":12}},"9":{"start":{"line":10,"column":0},"end":{"line":10,"column":72}},"10":{"start":{"line":11,"column":0},"end":{"line":11,"column":34}},"11":{"start":{"line":12,"column":0},"end":{"line":12,"column":48}},"12":{"start":{"line":13,"column":0},"end":{"line":13,"column":40}},"13":{"start":{"line":14,"column":0},"end":{"line":14,"column":49}},"14":{"start":{"line":15,"column":0},"end":{"line":15,"column":35}},"15":{"start":{"line":16,"column":0},"end":{"line":16,"column":15}},"16":{"start":{"line":17,"column":0},"end":{"line":17,"column":1}},"17":{"start":{"line":18,"column":0},"end":{"line":18,"column":0}},"18":{"start":{"line":19,"column":0},"end":{"line":19,"column":49}},"19":{"start":{"line":20,"column":0},"end":{"line":20,"column":40}},"20":{"start":{"line":21,"column":0},"end":{"line":21,"column":47}},"21":{"start":{"line":22,"column":0},"end":{"line":22,"column":36}},"22":{"start":{"line":23,"column":0},"end":{"line":23,"column":1}},"23":{"start":{"line":24,"column":0},"end":{"line":24,"column":0}},"24":{"start":{"line":25,"column":0},"end":{"line":25,"column":56}},"25":{"start":{"line":26,"column":0},"end":{"line":26,"column":60}},"26":{"start":{"line":27,"column":0},"end":{"line":27,"column":9}},"27":{"start":{"line":28,"column":0},"end":{"line":28,"column":50}},"28":{"start":{"line":29,"column":0},"end":{"line":29,"column":0}},"29":{"start":{"line":30,"column":0},"end":{"line":30,"column":75}},"30":{"start":{"line":31,"column":0},"end":{"line":31,"column":0}},"31":{"start":{"line":32,"column":0},"end":{"line":32,"column":86}},"32":{"start":{"line":33,"column":0},"end":{"line":33,"column":54}},"33":{"start":{"line":34,"column":0},"end":{"line":34,"column":13}},"34":{"start":{"line":35,"column":0},"end":{"line":35,"column":20}},"35":{"start":{"line":36,"column":0},"end":{"line":36,"column":5}},"36":{"start":{"line":37,"column":0},"end":{"line":37,"column":1}},"37":{"start":{"line":38,"column":0},"end":{"line":38,"column":0}},"38":{"start":{"line":39,"column":0},"end":{"line":39,"column":42}},"39":{"start":{"line":40,"column":0},"end":{"line":40,"column":21}},"40":{"start":{"line":41,"column":0},"end":{"line":41,"column":29}},"41":{"start":{"line":42,"column":0},"end":{"line":42,"column":15}},"42":{"start":{"line":43,"column":0},"end":{"line":43,"column":38}},"43":{"start":{"line":44,"column":0},"end":{"line":44,"column":43}},"44":{"start":{"line":45,"column":0},"end":{"line":45,"column":43}},"45":{"start":{"line":46,"column":0},"end":{"line":46,"column":43}},"46":{"start":{"line":47,"column":0},"end":{"line":47,"column":44}},"47":{"start":{"line":48,"column":0},"end":{"line":48,"column":44}},"48":{"start":{"line":49,"column":0},"end":{"line":49,"column":44}},"49":{"start":{"line":50,"column":0},"end":{"line":50,"column":44}},"50":{"start":{"line":51,"column":0},"end":{"line":51,"column":44}},"51":{"start":{"line":52,"column":0},"end":{"line":52,"column":44}},"52":{"start":{"line":53,"column":0},"end":{"line":53,"column":44}},"53":{"start":{"line":54,"column":0},"end":{"line":54,"column":44}},"54":{"start":{"line":55,"column":0},"end":{"line":55,"column":44}},"55":{"start":{"line":56,"column":0},"end":{"line":56,"column":44}},"56":{"start":{"line":57,"column":0},"end":{"line":57,"column":44}},"57":{"start":{"line":58,"column":0},"end":{"line":58,"column":44}},"58":{"start":{"line":59,"column":0},"end":{"line":59,"column":44}},"59":{"start":{"line":60,"column":0},"end":{"line":60,"column":44}},"60":{"start":{"line":61,"column":0},"end":{"line":61,"column":23}},"61":{"start":{"line":62,"column":0},"end":{"line":62,"column":0}},"62":{"start":{"line":63,"column":0},"end":{"line":63,"column":17}},"63":{"start":{"line":64,"column":0},"end":{"line":64,"column":1}},"64":{"start":{"line":65,"column":0},"end":{"line":65,"column":19}},"65":{"start":{"line":66,"column":0},"end":{"line":66,"column":0}},"66":{"start":{"line":67,"column":0},"end":{"line":67,"column":45}},"67":{"start":{"line":68,"column":0},"end":{"line":68,"column":34}},"68":{"start":{"line":69,"column":0},"end":{"line":69,"column":51}},"69":{"start":{"line":70,"column":0},"end":{"line":70,"column":51}},"70":{"start":{"line":71,"column":0},"end":{"line":71,"column":38}},"71":{"start":{"line":72,"column":0},"end":{"line":72,"column":24}},"72":{"start":{"line":73,"column":0},"end":{"line":73,"column":46}},"73":{"start":{"line":74,"column":0},"end":{"line":74,"column":103}},"74":{"start":{"line":75,"column":0},"end":{"line":75,"column":1}},"75":{"start":{"line":76,"column":0},"end":{"line":76,"column":0}},"76":{"start":{"line":77,"column":0},"end":{"line":77,"column":23}},"77":{"start":{"line":78,"column":0},"end":{"line":78,"column":24}},"78":{"start":{"line":79,"column":0},"end":{"line":79,"column":18}},"79":{"start":{"line":80,"column":0},"end":{"line":80,"column":20}},"80":{"start":{"line":81,"column":0},"end":{"line":81,"column":4}},"81":{"start":{"line":82,"column":0},"end":{"line":82,"column":84}},"82":{"start":{"line":83,"column":0},"end":{"line":83,"column":9}},"83":{"start":{"line":84,"column":0},"end":{"line":84,"column":70}},"84":{"start":{"line":85,"column":0},"end":{"line":85,"column":56}},"85":{"start":{"line":86,"column":0},"end":{"line":86,"column":0}},"86":{"start":{"line":87,"column":0},"end":{"line":87,"column":67}},"87":{"start":{"line":88,"column":0},"end":{"line":88,"column":33}},"88":{"start":{"line":89,"column":0},"end":{"line":89,"column":0}},"89":{"start":{"line":90,"column":0},"end":{"line":90,"column":48}},"90":{"start":{"line":91,"column":0},"end":{"line":91,"column":0}},"91":{"start":{"line":92,"column":0},"end":{"line":92,"column":16}},"92":{"start":{"line":93,"column":0},"end":{"line":93,"column":51}},"93":{"start":{"line":94,"column":0},"end":{"line":94,"column":31}},"94":{"start":{"line":95,"column":0},"end":{"line":95,"column":45}},"95":{"start":{"line":96,"column":0},"end":{"line":96,"column":10}},"96":{"start":{"line":97,"column":0},"end":{"line":97,"column":13}},"97":{"start":{"line":98,"column":0},"end":{"line":98,"column":20}},"98":{"start":{"line":99,"column":0},"end":{"line":99,"column":5}},"99":{"start":{"line":100,"column":0},"end":{"line":100,"column":1}}},"s":{"0":1,"1":2,"2":2,"3":2,"4":1,"5":1,"6":6,"7":6,"8":6,"9":6,"10":6,"11":6,"12":6,"13":6,"14":6,"15":6,"16":6,"17":1,"18":1,"19":6,"20":6,"21":5,"22":5,"23":1,"24":1,"25":5,"26":5,"27":5,"28":5,"29":5,"30":3,"31":5,"32":5,"33":5,"34":1,"35":1,"36":5,"37":1,"38":1,"39":1,"40":1,"41":1,"42":1,"43":1,"44":1,"45":1,"46":1,"47":1,"48":1,"49":1,"50":1,"51":1,"52":1,"53":1,"54":1,"55":1,"56":1,"57":1,"58":1,"59":1,"60":1,"61":1,"62":1,"63":1,"64":1,"65":1,"66":1,"67":1,"68":1,"69":1,"70":1,"71":1,"72":1,"73":1,"74":1,"75":1,"76":1,"77":1,"78":1,"79":1,"80":1,"81":1,"82":1,"83":1,"84":1,"85":1,"86":1,"87":1,"88":1,"89":1,"90":1,"91":1,"92":1,"93":1,"94":1,"95":1,"96":1,"97":1,"98":1,"99":1},"branchMap":{"0":{"type":"branch","line":2,"loc":{"start":{"line":2,"column":0},"end":{"line":4,"column":1}},"locations":[{"start":{"line":2,"column":0},"end":{"line":4,"column":1}}]},"1":{"type":"branch","line":7,"loc":{"start":{"line":7,"column":0},"end":{"line":17,"column":1}},"locations":[{"start":{"line":7,"column":0},"end":{"line":17,"column":1}}]},"2":{"type":"branch","line":20,"loc":{"start":{"line":20,"column":0},"end":{"line":23,"column":1}},"locations":[{"start":{"line":20,"column":0},"end":{"line":23,"column":1}}]},"3":{"type":"branch","line":21,"loc":{"start":{"line":21,"column":46},"end":{"line":23,"column":1}},"locations":[{"start":{"line":21,"column":46},"end":{"line":23,"column":1}}]},"4":{"type":"branch","line":26,"loc":{"start":{"line":26,"column":0},"end":{"line":37,"column":1}},"locations":[{"start":{"line":26,"column":0},"end":{"line":37,"column":1}}]},"5":{"type":"branch","line":28,"loc":{"start":{"line":28,"column":39},"end":{"line":28,"column":49}},"locations":[{"start":{"line":28,"column":39},"end":{"line":28,"column":49}}]},"6":{"type":"branch","line":30,"loc":{"start":{"line":30,"column":36},"end":{"line":30,"column":61}},"locations":[{"start":{"line":30,"column":36},"end":{"line":30,"column":61}}]},"7":{"type":"branch","line":30,"loc":{"start":{"line":30,"column":63},"end":{"line":30,"column":75}},"locations":[{"start":{"line":30,"column":63},"end":{"line":30,"column":75}}]},"8":{"type":"branch","line":30,"loc":{"start":{"line":30,"column":74},"end":{"line":32,"column":32}},"locations":[{"start":{"line":30,"column":74},"end":{"line":32,"column":32}}]},"9":{"type":"branch","line":32,"loc":{"start":{"line":32,"column":29},"end":{"line":32,"column":43}},"locations":[{"start":{"line":32,"column":29},"end":{"line":32,"column":43}}]},"10":{"type":"branch","line":32,"loc":{"start":{"line":32,"column":43},"end":{"line":32,"column":86}},"locations":[{"start":{"line":32,"column":43},"end":{"line":32,"column":86}}]},"11":{"type":"branch","line":32,"loc":{"start":{"line":32,"column":77},"end":{"line":32,"column":86}},"locations":[{"start":{"line":32,"column":77},"end":{"line":32,"column":86}}]},"12":{"type":"branch","line":33,"loc":{"start":{"line":33,"column":22},"end":{"line":33,"column":54}},"locations":[{"start":{"line":33,"column":22},"end":{"line":33,"column":54}}]},"13":{"type":"branch","line":34,"loc":{"start":{"line":34,"column":6},"end":{"line":36,"column":5}},"locations":[{"start":{"line":34,"column":6},"end":{"line":36,"column":5}}]},"14":{"type":"branch","line":32,"loc":{"start":{"line":32,"column":61},"end":{"line":32,"column":76}},"locations":[{"start":{"line":32,"column":61},"end":{"line":32,"column":76}}]},"15":{"type":"branch","line":41,"loc":{"start":{"line":41,"column":0},"end":{"line":64,"column":1}},"locations":[{"start":{"line":41,"column":0},"end":{"line":64,"column":1}}]},"16":{"type":"branch","line":44,"loc":{"start":{"line":44,"column":-2},"end":{"line":61,"column":23}},"locations":[{"start":{"line":44,"column":-2},"end":{"line":61,"column":23}}]},"17":{"type":"branch","line":68,"loc":{"start":{"line":68,"column":0},"end":{"line":75,"column":1}},"locations":[{"start":{"line":68,"column":0},"end":{"line":75,"column":1}}]},"18":{"type":"branch","line":69,"loc":{"start":{"line":69,"column":39},"end":{"line":69,"column":51}},"locations":[{"start":{"line":69,"column":39},"end":{"line":69,"column":51}}]},"19":{"type":"branch","line":82,"loc":{"start":{"line":82,"column":7},"end":{"line":100,"column":1}},"locations":[{"start":{"line":82,"column":7},"end":{"line":100,"column":1}}]},"20":{"type":"branch","line":85,"loc":{"start":{"line":85,"column":55},"end":{"line":88,"column":21}},"locations":[{"start":{"line":85,"column":55},"end":{"line":88,"column":21}}]},"21":{"type":"branch","line":88,"loc":{"start":{"line":88,"column":21},"end":{"line":88,"column":33}},"locations":[{"start":{"line":88,"column":21},"end":{"line":88,"column":33}}]},"22":{"type":"branch","line":88,"loc":{"start":{"line":88,"column":32},"end":{"line":97,"column":6}},"locations":[{"start":{"line":88,"column":32},"end":{"line":97,"column":6}}]},"23":{"type":"branch","line":97,"loc":{"start":{"line":97,"column":6},"end":{"line":99,"column":5}},"locations":[{"start":{"line":97,"column":6},"end":{"line":99,"column":5}}]}},"b":{"0":[2],"1":[6],"2":[6],"3":[5],"4":[5],"5":[4],"6":[4],"7":[1],"8":[3],"9":[1],"10":[2],"11":[1],"12":[2],"13":[1],"14":[4],"15":[1],"16":[1],"17":[1],"18":[1],"19":[1],"20":[1],"21":[1],"22":[1],"23":[1]},"fnMap":{"0":{"name":"genProductLink","decl":{"start":{"line":2,"column":0},"end":{"line":4,"column":1}},"loc":{"start":{"line":2,"column":0},"end":{"line":4,"column":1}},"line":2},"1":{"name":"getSearchLink","decl":{"start":{"line":7,"column":0},"end":{"line":17,"column":1}},"loc":{"start":{"line":7,"column":0},"end":{"line":17,"column":1}},"line":7},"2":{"name":"getQueryData","decl":{"start":{"line":20,"column":0},"end":{"line":23,"column":1}},"loc":{"start":{"line":20,"column":0},"end":{"line":23,"column":1}},"line":20},"3":{"name":"getFirstProductIDAndName","decl":{"start":{"line":26,"column":0},"end":{"line":37,"column":1}},"loc":{"start":{"line":26,"column":0},"end":{"line":37,"column":1}},"line":26},"4":{"name":"getBasket","decl":{"start":{"line":41,"column":0},"end":{"line":64,"column":1}},"loc":{"start":{"line":41,"column":0},"end":{"line":64,"column":1}},"line":41},"5":{"name":"getImageLink","decl":{"start":{"line":68,"column":0},"end":{"line":75,"column":1}},"loc":{"start":{"line":68,"column":0},"end":{"line":75,"column":1}},"line":68},"6":{"name":"getProductInfo","decl":{"start":{"line":82,"column":7},"end":{"line":100,"column":1}},"loc":{"start":{"line":82,"column":7},"end":{"line":100,"column":1}},"line":82}},"f":{"0":2,"1":6,"2":6,"3":5,"4":1,"5":1,"6":1}}
}
