TN:
SF:controllers\favouritesController.mjs
FN:5,addFavourite
FN:37,removeFavourite
FN:67,editFavouriteTag
FN:101,fetchUserFavourites
FNF:4
FNH:4
FNDA:4,addFavourite
FNDA:5,removeFavourite
FNDA:5,editFavouriteTag
FNDA:3,fetchUserFavourites
DA:1,1
DA:2,1
DA:3,1
DA:4,1
DA:5,1
DA:6,4
DA:7,4
DA:8,1
DA:9,1
DA:10,3
DA:11,3
DA:12,3
DA:13,3
DA:14,3
DA:15,3
DA:16,3
DA:17,2
DA:18,2
DA:19,2
DA:20,2
DA:21,2
DA:22,2
DA:23,2
DA:24,2
DA:25,2
DA:26,2
DA:27,4
DA:28,1
DA:29,1
DA:30,1
DA:31,1
DA:32,1
DA:33,1
DA:34,1
DA:35,4
DA:36,1
DA:37,1
DA:38,5
DA:39,5
DA:40,5
DA:41,1
DA:42,1
DA:43,4
DA:44,4
DA:45,4
DA:46,5
DA:47,1
DA:48,1
DA:49,2
DA:50,2
DA:51,2
DA:52,2
DA:53,2
DA:54,2
DA:55,2
DA:56,2
DA:57,5
DA:58,1
DA:59,1
DA:60,1
DA:61,1
DA:62,1
DA:63,1
DA:64,1
DA:65,5
DA:66,1
DA:67,1
DA:68,5
DA:69,5
DA:70,5
DA:71,5
DA:72,1
DA:73,1
DA:74,4
DA:75,4
DA:76,4
DA:77,5
DA:78,1
DA:79,1
DA:80,3
DA:81,3
DA:82,3
DA:83,3
DA:84,3
DA:85,3
DA:86,3
DA:87,3
DA:88,3
DA:89,3
DA:90,2
DA:91,5
DA:92,1
DA:93,1
DA:94,1
DA:95,1
DA:96,1
DA:97,1
DA:98,1
DA:99,5
DA:100,1
DA:101,1
DA:102,3
DA:103,3
DA:104,1
DA:105,1
DA:106,2
DA:107,2
DA:108,2
DA:109,2
DA:110,2
DA:111,2
DA:112,2
DA:113,2
DA:114,2
DA:115,1
DA:116,1
DA:117,2
DA:118,2
DA:119,2
DA:120,2
DA:121,2
DA:122,1
DA:123,1
DA:124,1
DA:125,1
DA:126,1
DA:127,1
DA:128,3
DA:129,1
DA:130,1
DA:131,1
LF:131
LH:131
BRDA:5,0,0,4
BRDA:7,1,0,3
BRDA:7,2,0,3
BRDA:7,3,0,1
BRDA:9,4,0,3
BRDA:17,5,0,2
BRDA:27,6,0,1
BRDA:37,7,0,5
BRDA:40,8,0,1
BRDA:42,9,0,4
BRDA:46,10,0,3
BRDA:46,11,0,1
BRDA:48,12,0,2
BRDA:57,13,0,1
BRDA:67,14,0,5
BRDA:71,15,0,1
BRDA:73,16,0,4
BRDA:77,17,0,1
BRDA:79,18,0,3
BRDA:90,19,0,2
BRDA:91,20,0,1
BRDA:101,21,0,3
BRDA:103,22,0,1
BRDA:105,23,0,2
BRDA:115,24,0,1
BRDA:116,25,0,2
BRF:26
BRH:26
end_of_record
TN:
SF:controllers\ideasController.mjs
FN:7,generateIdeas
FNF:1
FNH:1
FNDA:5,generateIdeas
DA:1,1
DA:2,1
DA:3,1
DA:4,1
DA:5,1
DA:6,1
DA:7,1
DA:8,5
DA:9,5
DA:10,5
DA:11,5
DA:12,5
DA:13,5
DA:14,1
DA:15,1
DA:16,1
DA:17,1
DA:18,4
DA:19,4
DA:20,4
DA:21,4
DA:22,4
DA:23,4
DA:24,4
DA:25,4
DA:26,4
DA:27,5
DA:28,1
DA:29,1
DA:30,1
DA:31,1
DA:32,1
DA:33,3
DA:34,3
DA:35,3
DA:36,5
DA:37,5
DA:38,1
DA:39,1
DA:40,2
DA:41,2
DA:42,2
DA:43,2
DA:44,2
DA:45,2
DA:46,2
DA:47,2
DA:48,1
DA:49,1
DA:50,1
DA:51,1
DA:52,1
DA:53,5
DA:54,1
DA:55,1
DA:56,1
LF:56
LH:56
BRDA:7,0,0,5
BRDA:11,1,0,4
BRDA:12,2,0,4
BRDA:13,3,0,1
BRDA:17,4,0,4
BRDA:27,5,0,1
BRDA:32,6,0,3
BRDA:36,7,0,2
BRDA:37,8,0,1
BRDA:39,9,0,2
BRDA:47,10,0,1
BRDA:44,11,0,2
BRF:12
BRH:12
end_of_record
TN:
SF:controllers\interestsController.mjs
FN:5,get_all_interests
FNF:1
FNH:1
FNDA:2,get_all_interests
DA:1,1
DA:2,1
DA:3,1
DA:4,1
DA:5,1
DA:6,2
DA:7,2
DA:8,2
DA:9,2
DA:10,2
DA:11,1
DA:12,1
DA:13,1
DA:14,1
DA:15,1
DA:16,1
DA:17,2
DA:18,1
DA:19,1
DA:20,1
LF:20
LH:20
BRDA:5,0,0,2
BRDA:11,1,0,1
BRDA:12,2,0,3
BRF:3
BRH:3
end_of_record
TN:
SF:error\ApiError.mjs
FN:2,ApiError
FN:8,badRequest
FN:12,internal
FN:16,badGateway
FNF:4
FNH:4
FNDA:18,ApiError
FNDA:10,badRequest
FNDA:7,internal
FNDA:1,badGateway
DA:1,1
DA:2,1
DA:3,18
DA:4,18
DA:5,18
DA:6,18
DA:7,1
DA:8,1
DA:9,10
DA:10,10
DA:11,1
DA:12,1
DA:13,7
DA:14,7
DA:15,1
DA:16,1
DA:17,1
DA:18,1
DA:19,1
DA:20,1
DA:21,1
LF:21
LH:21
BRDA:2,0,0,18
BRDA:8,1,0,10
BRDA:12,2,0,7
BRDA:16,3,0,1
BRF:4
BRH:4
end_of_record
TN:
SF:parser\WBParser.mjs
FN:2,genProductLink
FN:7,getSearchLink
FN:20,getQueryData
FN:26,getFirstProductIDAndName
FN:41,getBasket
FN:68,getImageLink
FN:82,getProductInfo
FNF:7
FNH:7
FNDA:2,genProductLink
FNDA:6,getSearchLink
FNDA:6,getQueryData
FNDA:5,getFirstProductIDAndName
FNDA:1,getBasket
FNDA:1,getImageLink
FNDA:1,getProductInfo
DA:1,1
DA:2,2
DA:3,2
DA:4,2
DA:5,1
DA:6,1
DA:7,6
DA:8,6
DA:9,6
DA:10,6
DA:11,6
DA:12,6
DA:13,6
DA:14,6
DA:15,6
DA:16,6
DA:17,6
DA:18,1
DA:19,1
DA:20,6
DA:21,6
DA:22,5
DA:23,5
DA:24,1
DA:25,1
DA:26,5
DA:27,5
DA:28,5
DA:29,5
DA:30,5
DA:31,3
DA:32,5
DA:33,5
DA:34,5
DA:35,1
DA:36,1
DA:37,5
DA:38,1
DA:39,1
DA:40,1
DA:41,1
DA:42,1
DA:43,1
DA:44,1
DA:45,1
DA:46,1
DA:47,1
DA:48,1
DA:49,1
DA:50,1
DA:51,1
DA:52,1
DA:53,1
DA:54,1
DA:55,1
DA:56,1
DA:57,1
DA:58,1
DA:59,1
DA:60,1
DA:61,1
DA:62,1
DA:63,1
DA:64,1
DA:65,1
DA:66,1
DA:67,1
DA:68,1
DA:69,1
DA:70,1
DA:71,1
DA:72,1
DA:73,1
DA:74,1
DA:75,1
DA:76,1
DA:77,1
DA:78,1
DA:79,1
DA:80,1
DA:81,1
DA:82,1
DA:83,1
DA:84,1
DA:85,1
DA:86,1
DA:87,1
DA:88,1
DA:89,1
DA:90,1
DA:91,1
DA:92,1
DA:93,1
DA:94,1
DA:95,1
DA:96,1
DA:97,1
DA:98,1
DA:99,1
DA:100,1
LF:100
LH:100
BRDA:2,0,0,2
BRDA:7,1,0,6
BRDA:20,2,0,6
BRDA:21,3,0,5
BRDA:26,4,0,5
BRDA:28,5,0,4
BRDA:30,6,0,4
BRDA:30,7,0,1
BRDA:30,8,0,3
BRDA:32,9,0,1
BRDA:32,10,0,2
BRDA:32,11,0,1
BRDA:33,12,0,2
BRDA:34,13,0,1
BRDA:32,14,0,4
BRDA:41,15,0,1
BRDA:44,16,0,1
BRDA:68,17,0,1
BRDA:69,18,0,1
BRDA:82,19,0,1
BRDA:85,20,0,1
BRDA:88,21,0,1
BRDA:88,22,0,1
BRDA:97,23,0,1
BRF:24
BRH:24
end_of_record
